2024-11-19T02:22:04.692Z [ERROR]: Error: Cannot find /api/users/profile/hi on this server 
Stack: Error: Cannot find /api/users/profile/hi on this server
    at G:\ThreadsClone\ThreadsClone\server\src\app.ts:42:8
    at Layer.handle [as handle_request] (G:\ThreadsClone\ThreadsClone\server\node_modules\express\lib\router\layer.js:95:5)
    at next (G:\ThreadsClone\ThreadsClone\server\node_modules\express\lib\router\route.js:149:13)
    at next (G:\ThreadsClone\ThreadsClone\server\node_modules\express\lib\router\route.js:145:7)
    at next (G:\ThreadsClone\ThreadsClone\server\node_modules\express\lib\router\route.js:145:7)
    at next (G:\ThreadsClone\ThreadsClone\server\node_modules\express\lib\router\route.js:145:7)
    at next (G:\ThreadsClone\ThreadsClone\server\node_modules\express\lib\router\route.js:145:7)
    at next (G:\ThreadsClone\ThreadsClone\server\node_modules\express\lib\router\route.js:145:7)
    at next (G:\ThreadsClone\ThreadsClone\server\node_modules\express\lib\router\route.js:145:7)
    at Route.dispatch (G:\ThreadsClone\ThreadsClone\server\node_modules\express\lib\router\route.js:119:3)
2024-11-19T02:26:41.954Z [ERROR]: Error: Cannot find /api/users/profile/bi on this server 
Stack: Error: Cannot find /api/users/profile/bi on this server
    at G:\ThreadsClone\ThreadsClone\server\src\app.ts:42:8
    at Layer.handle [as handle_request] (G:\ThreadsClone\ThreadsClone\server\node_modules\express\lib\router\layer.js:95:5)
    at next (G:\ThreadsClone\ThreadsClone\server\node_modules\express\lib\router\route.js:149:13)
    at next (G:\ThreadsClone\ThreadsClone\server\node_modules\express\lib\router\route.js:145:7)
    at next (G:\ThreadsClone\ThreadsClone\server\node_modules\express\lib\router\route.js:145:7)
    at next (G:\ThreadsClone\ThreadsClone\server\node_modules\express\lib\router\route.js:145:7)
    at next (G:\ThreadsClone\ThreadsClone\server\node_modules\express\lib\router\route.js:145:7)
    at next (G:\ThreadsClone\ThreadsClone\server\node_modules\express\lib\router\route.js:145:7)
    at next (G:\ThreadsClone\ThreadsClone\server\node_modules\express\lib\router\route.js:145:7)
    at Route.dispatch (G:\ThreadsClone\ThreadsClone\server\node_modules\express\lib\router\route.js:119:3)
2024-12-02T09:07:25.595Z [ERROR]: Error: Cannot find /threads/posts on this server 
Stack: Error: Cannot find /threads/posts on this server
    at G:\ThreadsClone\ThreadsClone\server\src\app.ts:42:8
    at Layer.handle [as handle_request] (G:\ThreadsClone\ThreadsClone\server\node_modules\express\lib\router\layer.js:95:5)
    at next (G:\ThreadsClone\ThreadsClone\server\node_modules\express\lib\router\route.js:149:13)
    at next (G:\ThreadsClone\ThreadsClone\server\node_modules\express\lib\router\route.js:145:7)
    at next (G:\ThreadsClone\ThreadsClone\server\node_modules\express\lib\router\route.js:145:7)
    at next (G:\ThreadsClone\ThreadsClone\server\node_modules\express\lib\router\route.js:145:7)
    at next (G:\ThreadsClone\ThreadsClone\server\node_modules\express\lib\router\route.js:145:7)
    at next (G:\ThreadsClone\ThreadsClone\server\node_modules\express\lib\router\route.js:145:7)
    at next (G:\ThreadsClone\ThreadsClone\server\node_modules\express\lib\router\route.js:145:7)
    at Route.dispatch (G:\ThreadsClone\ThreadsClone\server\node_modules\express\lib\router\route.js:119:3)
2024-12-02T09:42:26.591Z [ERROR]: Error: Unexpected token 'n', "null" is not valid JSON 
Stack: SyntaxError: Unexpected token 'n', "null" is not valid JSON
    at JSON.parse (<anonymous>)
    at createStrictSyntaxError (G:\ThreadsClone\ThreadsClone\server\node_modules\body-parser\lib\types\json.js:169:10)
    at parse (G:\ThreadsClone\ThreadsClone\server\node_modules\body-parser\lib\types\json.js:86:15)
    at G:\ThreadsClone\ThreadsClone\server\node_modules\body-parser\lib\read.js:128:18
    at AsyncResource.runInAsyncScope (node:async_hooks:206:9)
    at invokeCallback (G:\ThreadsClone\ThreadsClone\server\node_modules\raw-body\index.js:238:16)
    at done (G:\ThreadsClone\ThreadsClone\server\node_modules\raw-body\index.js:227:7)
    at IncomingMessage.onEnd (G:\ThreadsClone\ThreadsClone\server\node_modules\raw-body\index.js:287:7)
    at IncomingMessage.emit (node:events:519:28)
    at IncomingMessage.emit (node:domain:488:12)
2024-12-02T09:42:26.599Z [ERROR]: Error: Unexpected token 'n', "null" is not valid JSON 
Stack: SyntaxError: Unexpected token 'n', "null" is not valid JSON
    at JSON.parse (<anonymous>)
    at createStrictSyntaxError (G:\ThreadsClone\ThreadsClone\server\node_modules\body-parser\lib\types\json.js:169:10)
    at parse (G:\ThreadsClone\ThreadsClone\server\node_modules\body-parser\lib\types\json.js:86:15)
    at G:\ThreadsClone\ThreadsClone\server\node_modules\body-parser\lib\read.js:128:18
    at AsyncResource.runInAsyncScope (node:async_hooks:206:9)
    at invokeCallback (G:\ThreadsClone\ThreadsClone\server\node_modules\raw-body\index.js:238:16)
    at done (G:\ThreadsClone\ThreadsClone\server\node_modules\raw-body\index.js:227:7)
    at IncomingMessage.onEnd (G:\ThreadsClone\ThreadsClone\server\node_modules\raw-body\index.js:287:7)
    at IncomingMessage.emit (node:events:519:28)
    at IncomingMessage.emit (node:domain:488:12)
2024-12-02T09:42:57.278Z [ERROR]: Error: Unexpected token 'n', "null" is not valid JSON 
Stack: SyntaxError: Unexpected token 'n', "null" is not valid JSON
    at JSON.parse (<anonymous>)
    at createStrictSyntaxError (G:\ThreadsClone\ThreadsClone\server\node_modules\body-parser\lib\types\json.js:169:10)
    at parse (G:\ThreadsClone\ThreadsClone\server\node_modules\body-parser\lib\types\json.js:86:15)
    at G:\ThreadsClone\ThreadsClone\server\node_modules\body-parser\lib\read.js:128:18
    at AsyncResource.runInAsyncScope (node:async_hooks:206:9)
    at invokeCallback (G:\ThreadsClone\ThreadsClone\server\node_modules\raw-body\index.js:238:16)
    at done (G:\ThreadsClone\ThreadsClone\server\node_modules\raw-body\index.js:227:7)
    at IncomingMessage.onEnd (G:\ThreadsClone\ThreadsClone\server\node_modules\raw-body\index.js:287:7)
    at IncomingMessage.emit (node:events:519:28)
    at IncomingMessage.emit (node:domain:488:12)
2024-12-02T09:42:57.288Z [ERROR]: Error: Unexpected token 'n', "null" is not valid JSON 
Stack: SyntaxError: Unexpected token 'n', "null" is not valid JSON
    at JSON.parse (<anonymous>)
    at createStrictSyntaxError (G:\ThreadsClone\ThreadsClone\server\node_modules\body-parser\lib\types\json.js:169:10)
    at parse (G:\ThreadsClone\ThreadsClone\server\node_modules\body-parser\lib\types\json.js:86:15)
    at G:\ThreadsClone\ThreadsClone\server\node_modules\body-parser\lib\read.js:128:18
    at AsyncResource.runInAsyncScope (node:async_hooks:206:9)
    at invokeCallback (G:\ThreadsClone\ThreadsClone\server\node_modules\raw-body\index.js:238:16)
    at done (G:\ThreadsClone\ThreadsClone\server\node_modules\raw-body\index.js:227:7)
    at IncomingMessage.onEnd (G:\ThreadsClone\ThreadsClone\server\node_modules\raw-body\index.js:287:7)
    at IncomingMessage.emit (node:events:519:28)
    at IncomingMessage.emit (node:domain:488:12)
2024-12-02T09:45:07.636Z [ERROR]: Error: Cannot find /api/threads/posts on this server 
Stack: Error: Cannot find /api/threads/posts on this server
    at G:\ThreadsClone\ThreadsClone\server\src\app.ts:42:8
    at Layer.handle [as handle_request] (G:\ThreadsClone\ThreadsClone\server\node_modules\express\lib\router\layer.js:95:5)
    at next (G:\ThreadsClone\ThreadsClone\server\node_modules\express\lib\router\route.js:149:13)
    at next (G:\ThreadsClone\ThreadsClone\server\node_modules\express\lib\router\route.js:145:7)
    at next (G:\ThreadsClone\ThreadsClone\server\node_modules\express\lib\router\route.js:145:7)
    at next (G:\ThreadsClone\ThreadsClone\server\node_modules\express\lib\router\route.js:145:7)
    at next (G:\ThreadsClone\ThreadsClone\server\node_modules\express\lib\router\route.js:145:7)
    at next (G:\ThreadsClone\ThreadsClone\server\node_modules\express\lib\router\route.js:145:7)
    at next (G:\ThreadsClone\ThreadsClone\server\node_modules\express\lib\router\route.js:145:7)
    at next (G:\ThreadsClone\ThreadsClone\server\node_modules\express\lib\router\route.js:145:7)
2024-12-02T09:48:18.597Z [ERROR]: Error: Cannot find /api/threads/posts on this server 
Stack: Error: Cannot find /api/threads/posts on this server
    at G:\ThreadsClone\ThreadsClone\server\src\app.ts:42:8
    at Layer.handle [as handle_request] (G:\ThreadsClone\ThreadsClone\server\node_modules\express\lib\router\layer.js:95:5)
    at next (G:\ThreadsClone\ThreadsClone\server\node_modules\express\lib\router\route.js:149:13)
    at next (G:\ThreadsClone\ThreadsClone\server\node_modules\express\lib\router\route.js:145:7)
    at next (G:\ThreadsClone\ThreadsClone\server\node_modules\express\lib\router\route.js:145:7)
    at next (G:\ThreadsClone\ThreadsClone\server\node_modules\express\lib\router\route.js:145:7)
    at next (G:\ThreadsClone\ThreadsClone\server\node_modules\express\lib\router\route.js:145:7)
    at next (G:\ThreadsClone\ThreadsClone\server\node_modules\express\lib\router\route.js:145:7)
    at next (G:\ThreadsClone\ThreadsClone\server\node_modules\express\lib\router\route.js:145:7)
    at next (G:\ThreadsClone\ThreadsClone\server\node_modules\express\lib\router\route.js:145:7)
2024-12-02T09:48:18.606Z [ERROR]: Error: Cannot find /api/threads/posts on this server 
Stack: Error: Cannot find /api/threads/posts on this server
    at G:\ThreadsClone\ThreadsClone\server\src\app.ts:42:8
    at Layer.handle [as handle_request] (G:\ThreadsClone\ThreadsClone\server\node_modules\express\lib\router\layer.js:95:5)
    at next (G:\ThreadsClone\ThreadsClone\server\node_modules\express\lib\router\route.js:149:13)
    at next (G:\ThreadsClone\ThreadsClone\server\node_modules\express\lib\router\route.js:145:7)
    at next (G:\ThreadsClone\ThreadsClone\server\node_modules\express\lib\router\route.js:145:7)
    at next (G:\ThreadsClone\ThreadsClone\server\node_modules\express\lib\router\route.js:145:7)
    at next (G:\ThreadsClone\ThreadsClone\server\node_modules\express\lib\router\route.js:145:7)
    at next (G:\ThreadsClone\ThreadsClone\server\node_modules\express\lib\router\route.js:145:7)
    at next (G:\ThreadsClone\ThreadsClone\server\node_modules\express\lib\router\route.js:145:7)
    at next (G:\ThreadsClone\ThreadsClone\server\node_modules\express\lib\router\route.js:145:7)
2024-12-02T09:48:46.323Z [ERROR]: Error: Cannot find /api/threads/posts on this server 
Stack: Error: Cannot find /api/threads/posts on this server
    at G:\ThreadsClone\ThreadsClone\server\src\app.ts:42:8
    at Layer.handle [as handle_request] (G:\ThreadsClone\ThreadsClone\server\node_modules\express\lib\router\layer.js:95:5)
    at next (G:\ThreadsClone\ThreadsClone\server\node_modules\express\lib\router\route.js:149:13)
    at next (G:\ThreadsClone\ThreadsClone\server\node_modules\express\lib\router\route.js:145:7)
    at next (G:\ThreadsClone\ThreadsClone\server\node_modules\express\lib\router\route.js:145:7)
    at next (G:\ThreadsClone\ThreadsClone\server\node_modules\express\lib\router\route.js:145:7)
    at next (G:\ThreadsClone\ThreadsClone\server\node_modules\express\lib\router\route.js:145:7)
    at next (G:\ThreadsClone\ThreadsClone\server\node_modules\express\lib\router\route.js:145:7)
    at next (G:\ThreadsClone\ThreadsClone\server\node_modules\express\lib\router\route.js:145:7)
    at next (G:\ThreadsClone\ThreadsClone\server\node_modules\express\lib\router\route.js:145:7)
2024-12-02T09:48:46.331Z [ERROR]: Error: Cannot find /api/threads/posts on this server 
Stack: Error: Cannot find /api/threads/posts on this server
    at G:\ThreadsClone\ThreadsClone\server\src\app.ts:42:8
    at Layer.handle [as handle_request] (G:\ThreadsClone\ThreadsClone\server\node_modules\express\lib\router\layer.js:95:5)
    at next (G:\ThreadsClone\ThreadsClone\server\node_modules\express\lib\router\route.js:149:13)
    at next (G:\ThreadsClone\ThreadsClone\server\node_modules\express\lib\router\route.js:145:7)
    at next (G:\ThreadsClone\ThreadsClone\server\node_modules\express\lib\router\route.js:145:7)
    at next (G:\ThreadsClone\ThreadsClone\server\node_modules\express\lib\router\route.js:145:7)
    at next (G:\ThreadsClone\ThreadsClone\server\node_modules\express\lib\router\route.js:145:7)
    at next (G:\ThreadsClone\ThreadsClone\server\node_modules\express\lib\router\route.js:145:7)
    at next (G:\ThreadsClone\ThreadsClone\server\node_modules\express\lib\router\route.js:145:7)
    at next (G:\ThreadsClone\ThreadsClone\server\node_modules\express\lib\router\route.js:145:7)
2024-12-02T09:48:55.072Z [ERROR]: Error: Cannot find /api/threads/posts on this server 
Stack: Error: Cannot find /api/threads/posts on this server
    at G:\ThreadsClone\ThreadsClone\server\src\app.ts:42:8
    at Layer.handle [as handle_request] (G:\ThreadsClone\ThreadsClone\server\node_modules\express\lib\router\layer.js:95:5)
    at next (G:\ThreadsClone\ThreadsClone\server\node_modules\express\lib\router\route.js:149:13)
    at next (G:\ThreadsClone\ThreadsClone\server\node_modules\express\lib\router\route.js:145:7)
    at next (G:\ThreadsClone\ThreadsClone\server\node_modules\express\lib\router\route.js:145:7)
    at next (G:\ThreadsClone\ThreadsClone\server\node_modules\express\lib\router\route.js:145:7)
    at next (G:\ThreadsClone\ThreadsClone\server\node_modules\express\lib\router\route.js:145:7)
    at next (G:\ThreadsClone\ThreadsClone\server\node_modules\express\lib\router\route.js:145:7)
    at next (G:\ThreadsClone\ThreadsClone\server\node_modules\express\lib\router\route.js:145:7)
    at next (G:\ThreadsClone\ThreadsClone\server\node_modules\express\lib\router\route.js:145:7)
2024-12-02T09:48:55.077Z [ERROR]: Error: Cannot find /api/threads/posts on this server 
Stack: Error: Cannot find /api/threads/posts on this server
    at G:\ThreadsClone\ThreadsClone\server\src\app.ts:42:8
    at Layer.handle [as handle_request] (G:\ThreadsClone\ThreadsClone\server\node_modules\express\lib\router\layer.js:95:5)
    at next (G:\ThreadsClone\ThreadsClone\server\node_modules\express\lib\router\route.js:149:13)
    at next (G:\ThreadsClone\ThreadsClone\server\node_modules\express\lib\router\route.js:145:7)
    at next (G:\ThreadsClone\ThreadsClone\server\node_modules\express\lib\router\route.js:145:7)
    at next (G:\ThreadsClone\ThreadsClone\server\node_modules\express\lib\router\route.js:145:7)
    at next (G:\ThreadsClone\ThreadsClone\server\node_modules\express\lib\router\route.js:145:7)
    at next (G:\ThreadsClone\ThreadsClone\server\node_modules\express\lib\router\route.js:145:7)
    at next (G:\ThreadsClone\ThreadsClone\server\node_modules\express\lib\router\route.js:145:7)
    at next (G:\ThreadsClone\ThreadsClone\server\node_modules\express\lib\router\route.js:145:7)
2024-12-02T09:48:59.702Z [ERROR]: Error: Cannot find /api/threads/posts on this server 
Stack: Error: Cannot find /api/threads/posts on this server
    at G:\ThreadsClone\ThreadsClone\server\src\app.ts:42:8
    at Layer.handle [as handle_request] (G:\ThreadsClone\ThreadsClone\server\node_modules\express\lib\router\layer.js:95:5)
    at next (G:\ThreadsClone\ThreadsClone\server\node_modules\express\lib\router\route.js:149:13)
    at next (G:\ThreadsClone\ThreadsClone\server\node_modules\express\lib\router\route.js:145:7)
    at next (G:\ThreadsClone\ThreadsClone\server\node_modules\express\lib\router\route.js:145:7)
    at next (G:\ThreadsClone\ThreadsClone\server\node_modules\express\lib\router\route.js:145:7)
    at next (G:\ThreadsClone\ThreadsClone\server\node_modules\express\lib\router\route.js:145:7)
    at next (G:\ThreadsClone\ThreadsClone\server\node_modules\express\lib\router\route.js:145:7)
    at next (G:\ThreadsClone\ThreadsClone\server\node_modules\express\lib\router\route.js:145:7)
    at next (G:\ThreadsClone\ThreadsClone\server\node_modules\express\lib\router\route.js:145:7)
2024-12-02T09:48:59.710Z [ERROR]: Error: Cannot find /api/threads/posts on this server 
Stack: Error: Cannot find /api/threads/posts on this server
    at G:\ThreadsClone\ThreadsClone\server\src\app.ts:42:8
    at Layer.handle [as handle_request] (G:\ThreadsClone\ThreadsClone\server\node_modules\express\lib\router\layer.js:95:5)
    at next (G:\ThreadsClone\ThreadsClone\server\node_modules\express\lib\router\route.js:149:13)
    at next (G:\ThreadsClone\ThreadsClone\server\node_modules\express\lib\router\route.js:145:7)
    at next (G:\ThreadsClone\ThreadsClone\server\node_modules\express\lib\router\route.js:145:7)
    at next (G:\ThreadsClone\ThreadsClone\server\node_modules\express\lib\router\route.js:145:7)
    at next (G:\ThreadsClone\ThreadsClone\server\node_modules\express\lib\router\route.js:145:7)
    at next (G:\ThreadsClone\ThreadsClone\server\node_modules\express\lib\router\route.js:145:7)
    at next (G:\ThreadsClone\ThreadsClone\server\node_modules\express\lib\router\route.js:145:7)
    at next (G:\ThreadsClone\ThreadsClone\server\node_modules\express\lib\router\route.js:145:7)
2024-12-02T09:49:01.947Z [ERROR]: Error: Cannot find /api/threads/posts on this server 
Stack: Error: Cannot find /api/threads/posts on this server
    at G:\ThreadsClone\ThreadsClone\server\src\app.ts:42:8
    at Layer.handle [as handle_request] (G:\ThreadsClone\ThreadsClone\server\node_modules\express\lib\router\layer.js:95:5)
    at next (G:\ThreadsClone\ThreadsClone\server\node_modules\express\lib\router\route.js:149:13)
    at next (G:\ThreadsClone\ThreadsClone\server\node_modules\express\lib\router\route.js:145:7)
    at next (G:\ThreadsClone\ThreadsClone\server\node_modules\express\lib\router\route.js:145:7)
    at next (G:\ThreadsClone\ThreadsClone\server\node_modules\express\lib\router\route.js:145:7)
    at next (G:\ThreadsClone\ThreadsClone\server\node_modules\express\lib\router\route.js:145:7)
    at next (G:\ThreadsClone\ThreadsClone\server\node_modules\express\lib\router\route.js:145:7)
    at next (G:\ThreadsClone\ThreadsClone\server\node_modules\express\lib\router\route.js:145:7)
    at next (G:\ThreadsClone\ThreadsClone\server\node_modules\express\lib\router\route.js:145:7)
2024-12-02T09:49:01.950Z [ERROR]: Error: Cannot find /api/threads/posts on this server 
Stack: Error: Cannot find /api/threads/posts on this server
    at G:\ThreadsClone\ThreadsClone\server\src\app.ts:42:8
    at Layer.handle [as handle_request] (G:\ThreadsClone\ThreadsClone\server\node_modules\express\lib\router\layer.js:95:5)
    at next (G:\ThreadsClone\ThreadsClone\server\node_modules\express\lib\router\route.js:149:13)
    at next (G:\ThreadsClone\ThreadsClone\server\node_modules\express\lib\router\route.js:145:7)
    at next (G:\ThreadsClone\ThreadsClone\server\node_modules\express\lib\router\route.js:145:7)
    at next (G:\ThreadsClone\ThreadsClone\server\node_modules\express\lib\router\route.js:145:7)
    at next (G:\ThreadsClone\ThreadsClone\server\node_modules\express\lib\router\route.js:145:7)
    at next (G:\ThreadsClone\ThreadsClone\server\node_modules\express\lib\router\route.js:145:7)
    at next (G:\ThreadsClone\ThreadsClone\server\node_modules\express\lib\router\route.js:145:7)
    at next (G:\ThreadsClone\ThreadsClone\server\node_modules\express\lib\router\route.js:145:7)
2024-12-02T09:49:02.898Z [ERROR]: Error: Cannot find /api/threads/posts on this server 
Stack: Error: Cannot find /api/threads/posts on this server
    at G:\ThreadsClone\ThreadsClone\server\src\app.ts:42:8
    at Layer.handle [as handle_request] (G:\ThreadsClone\ThreadsClone\server\node_modules\express\lib\router\layer.js:95:5)
    at next (G:\ThreadsClone\ThreadsClone\server\node_modules\express\lib\router\route.js:149:13)
    at next (G:\ThreadsClone\ThreadsClone\server\node_modules\express\lib\router\route.js:145:7)
    at next (G:\ThreadsClone\ThreadsClone\server\node_modules\express\lib\router\route.js:145:7)
    at next (G:\ThreadsClone\ThreadsClone\server\node_modules\express\lib\router\route.js:145:7)
    at next (G:\ThreadsClone\ThreadsClone\server\node_modules\express\lib\router\route.js:145:7)
    at next (G:\ThreadsClone\ThreadsClone\server\node_modules\express\lib\router\route.js:145:7)
    at next (G:\ThreadsClone\ThreadsClone\server\node_modules\express\lib\router\route.js:145:7)
    at next (G:\ThreadsClone\ThreadsClone\server\node_modules\express\lib\router\route.js:145:7)
2024-12-02T09:49:02.902Z [ERROR]: Error: Cannot find /api/threads/posts on this server 
Stack: Error: Cannot find /api/threads/posts on this server
    at G:\ThreadsClone\ThreadsClone\server\src\app.ts:42:8
    at Layer.handle [as handle_request] (G:\ThreadsClone\ThreadsClone\server\node_modules\express\lib\router\layer.js:95:5)
    at next (G:\ThreadsClone\ThreadsClone\server\node_modules\express\lib\router\route.js:149:13)
    at next (G:\ThreadsClone\ThreadsClone\server\node_modules\express\lib\router\route.js:145:7)
    at next (G:\ThreadsClone\ThreadsClone\server\node_modules\express\lib\router\route.js:145:7)
    at next (G:\ThreadsClone\ThreadsClone\server\node_modules\express\lib\router\route.js:145:7)
    at next (G:\ThreadsClone\ThreadsClone\server\node_modules\express\lib\router\route.js:145:7)
    at next (G:\ThreadsClone\ThreadsClone\server\node_modules\express\lib\router\route.js:145:7)
    at next (G:\ThreadsClone\ThreadsClone\server\node_modules\express\lib\router\route.js:145:7)
    at next (G:\ThreadsClone\ThreadsClone\server\node_modules\express\lib\router\route.js:145:7)
2024-12-02T09:49:05.095Z [ERROR]: Error: Cannot find /api/threads/posts on this server 
Stack: Error: Cannot find /api/threads/posts on this server
    at G:\ThreadsClone\ThreadsClone\server\src\app.ts:42:8
    at Layer.handle [as handle_request] (G:\ThreadsClone\ThreadsClone\server\node_modules\express\lib\router\layer.js:95:5)
    at next (G:\ThreadsClone\ThreadsClone\server\node_modules\express\lib\router\route.js:149:13)
    at next (G:\ThreadsClone\ThreadsClone\server\node_modules\express\lib\router\route.js:145:7)
    at next (G:\ThreadsClone\ThreadsClone\server\node_modules\express\lib\router\route.js:145:7)
    at next (G:\ThreadsClone\ThreadsClone\server\node_modules\express\lib\router\route.js:145:7)
    at next (G:\ThreadsClone\ThreadsClone\server\node_modules\express\lib\router\route.js:145:7)
    at next (G:\ThreadsClone\ThreadsClone\server\node_modules\express\lib\router\route.js:145:7)
    at next (G:\ThreadsClone\ThreadsClone\server\node_modules\express\lib\router\route.js:145:7)
    at next (G:\ThreadsClone\ThreadsClone\server\node_modules\express\lib\router\route.js:145:7)
2024-12-02T09:49:05.099Z [ERROR]: Error: Cannot find /api/threads/posts on this server 
Stack: Error: Cannot find /api/threads/posts on this server
    at G:\ThreadsClone\ThreadsClone\server\src\app.ts:42:8
    at Layer.handle [as handle_request] (G:\ThreadsClone\ThreadsClone\server\node_modules\express\lib\router\layer.js:95:5)
    at next (G:\ThreadsClone\ThreadsClone\server\node_modules\express\lib\router\route.js:149:13)
    at next (G:\ThreadsClone\ThreadsClone\server\node_modules\express\lib\router\route.js:145:7)
    at next (G:\ThreadsClone\ThreadsClone\server\node_modules\express\lib\router\route.js:145:7)
    at next (G:\ThreadsClone\ThreadsClone\server\node_modules\express\lib\router\route.js:145:7)
    at next (G:\ThreadsClone\ThreadsClone\server\node_modules\express\lib\router\route.js:145:7)
    at next (G:\ThreadsClone\ThreadsClone\server\node_modules\express\lib\router\route.js:145:7)
    at next (G:\ThreadsClone\ThreadsClone\server\node_modules\express\lib\router\route.js:145:7)
    at next (G:\ThreadsClone\ThreadsClone\server\node_modules\express\lib\router\route.js:145:7)
